[2025-10-17 09:11:37] [INFO] [goalbet]: Logger setup completed
[2025-10-17 09:11:37] [INFO] [goalbet]: Starting GoalBet API...
[2025-10-17 09:33:30] [INFO] [goalbet]: Logger setup completed
[2025-10-17 09:33:30] [INFO] [goalbet]: Starting GoalBet API...
[2025-10-17 09:35:28] [INFO] [goalbet]: [trace=1806eed8] POST /health-> 405 in 0.00ms
[2025-10-17 09:38:12] [INFO] [goalbet]: [trace=251a3a64] POST /health-> 405 in 1.00ms
[2025-10-17 09:39:43] [INFO] [goalbet]: [trace=7368c793] GET /health-> 200 in 4.00ms
[2025-10-17 09:42:08] [INFO] [goalbet]: Logger setup completed
[2025-10-17 09:42:08] [INFO] [goalbet]: Starting GoalBet API...
[2025-10-17 09:42:22] [INFO] [goalbet]: [trace=d96f79fa] GET /health-> 200 in 2930.78ms
[2025-10-17 09:47:43] [INFO] [goalbet]: Logger setup completed
[2025-10-17 09:47:43] [INFO] [goalbet]: Starting GoalBet API...
[2025-10-17 09:48:07] [ERROR] [goalbet]: (psycopg2.OperationalError) 
(Background on this error at: https://sqlalche.me/e/20/e3q8)
[2025-10-17 09:48:07] [INFO] [goalbet]: [trace=552fa064] GET /health-> 200 in 2737.32ms
[2025-10-17 09:51:49] [INFO] [goalbet]: Logger setup completed
[2025-10-17 09:51:52] [INFO] [goalbet]: Starting GoalBet API...
[2025-10-17 09:00:30] [INFO] [goalbet]: Logger setup completed
[2025-10-17 09:00:30] [INFO] [goalbet]: Starting GoalBet API...
[2025-10-17 09:02:54] [INFO] [goalbet]: [trace=200ead31] GET /health-> 200 in 64.21ms
[2025-10-28 09:53:29] [INFO] [goalbet]: Logger setup completed
[2025-10-28 09:53:29] [INFO] [goalbet]: Starting GoalBet API...
[2025-10-28 09:55:18] [INFO] [goalbet]: Logger setup completed
[2025-10-28 09:55:18] [INFO] [goalbet]: Starting GoalBet API...
[2025-10-28 14:05:47] [INFO] [goalbet]: Logger setup completed
[2025-10-28 14:05:47] [INFO] [goalbet]: Starting GoalBet API...
[2025-10-28 14:05:58] [INFO] [goalbet]: [trace=f0924826] POST /auth/login-> 403 in 2.00ms
[2025-10-28 14:08:12] [INFO] [goalbet]: [trace=f79991c0] POST /auth/login-> 403 in 1.00ms
[2025-10-28 14:08:35] [INFO] [goalbet]: [trace=5b75ec5b] POST /auth/login-> 403 in 2.00ms
[2025-10-28 14:10:28] [ERROR] [goalbet]: (psycopg2.OperationalError) 
(Background on this error at: https://sqlalche.me/e/20/e3q8)
[2025-10-28 14:10:28] [INFO] [goalbet]: [trace=ec090bb5] GET /health-> 200 in 2744.76ms
[2025-10-28 14:13:49] [INFO] [goalbet]: [trace=61c29c9f] POST /auth/register-> 403 in 2.00ms
[2025-10-28 14:13:58] [INFO] [goalbet]: [trace=780e0c5b] POST /auth/register-> 403 in 2.00ms
[2025-10-28 14:18:18] [INFO] [goalbet]: [trace=53d23c7a] GET /docs-> 200 in 0.00ms
[2025-10-30 17:33:45] [INFO] [goalbet]: Logger setup completed
[2025-10-30 17:33:45] [INFO] [goalbet]: Starting GoalBet API...
[2025-10-30 17:37:47] [INFO] [goalbet]: [trace=e98e938e] POST /auth/register-> 403 in 3.01ms
[2025-10-30 17:52:21] [INFO] [goalbet]: Logger setup completed
[2025-10-30 17:52:21] [INFO] [goalbet]: Starting GoalBet API...
[2025-10-30 17:52:45] [INFO] [goalbet]: [trace=29352012] POST /auth/register-> 200 in 159.22ms
[2025-10-30 18:21:58] [INFO] [goalbet]: [trace=1a324847] GET /docs-> 200 in 3.60ms
[2025-10-30 18:21:59] [INFO] [goalbet]: [trace=922e95d8] GET /openapi.json-> 200 in 93.91ms
[2025-10-30 18:25:58] [INFO] [goalbet]: [trace=53613c50] GET /auth/me-> 400 in 5.37ms
[2025-10-30 18:48:17] [INFO] [goalbet]: [trace=6f8163a9] GET /auth/me-> 400 in 4.75ms
[2025-10-30 18:48:17] [INFO] [goalbet]: [trace=94601725] GET /auth/me-> 400 in 3.02ms
[2025-10-31 11:44:39] [INFO] [goalbet]: Logger setup completed
[2025-10-31 11:44:40] [INFO] [goalbet]: Starting GoalBet API...
[2025-10-31 20:57:31] [INFO] [goalbet]: [trace=02329422] POST /auth/register-> 200 in 675.59ms
[2025-10-31 20:57:45] [INFO] [goalbet]: [trace=34d95655] POST /auth/login-> 200 in 16.92ms
[2025-10-31 20:58:47] [INFO] [goalbet]: [trace=a4d42730] POST /auth/register-> 200 in 21.77ms
[2025-10-31 21:00:06] [INFO] [goalbet]: [trace=4d8e83cf] POST /auth/register-> 200 in 23.62ms
[2025-10-31 21:00:36] [INFO] [goalbet]: [trace=936e3887] POST /auth/login-> 400 in 9.45ms
[2025-10-31 21:00:45] [INFO] [goalbet]: [trace=a390ce56] POST /auth/login-> 200 in 8.84ms
[2025-10-31 21:15:33] [INFO] [goalbet]: [trace=113ffe77] POST /auth/login-> 200 in 22.98ms
[2025-10-31 21:16:48] [INFO] [goalbet]: [trace=96947ab0] POST /auth/login-> 400 in 9.41ms
[2025-10-31 21:23:31] [INFO] [goalbet]: [trace=de1ea7a7] POST /auth/login-> 200 in 13.57ms
[2025-10-31 21:23:36] [INFO] [goalbet]: [trace=1c3fb40f] POST /auth/login-> 400 in 11.09ms
[2025-11-02 15:17:35] [INFO] [goalbet]: Logger setup completed
[2025-11-02 15:17:35] [INFO] [goalbet]: Starting GoalBet API...
[2025-11-02 15:18:31] [INFO] [goalbet]: Logger setup completed
[2025-11-02 15:18:31] [INFO] [goalbet]: Starting GoalBet API...
[2025-11-02 21:28:04] [INFO] [goalbet]: Logger setup completed
[2025-11-02 21:28:04] [INFO] [goalbet]: Starting GoalBet API...
[2025-11-02 21:28:16] [INFO] [goalbet]: [trace=63c0701b] GET /goals-> 200 in 160.33ms
[2025-11-02 21:28:16] [INFO] [goalbet]: [trace=f9c4ff3d] GET /goals-> 200 in 5.89ms
[2025-11-02 21:28:34] [INFO] [goalbet]: [trace=b4b708df] GET /goals-> 200 in 5.29ms
[2025-11-02 21:28:34] [INFO] [goalbet]: [trace=e21b26d4] GET /goals-> 200 in 5.89ms
[2025-11-02 21:28:36] [INFO] [goalbet]: [trace=b886db03] GET /goals-> 200 in 5.14ms
[2025-11-02 21:28:36] [INFO] [goalbet]: [trace=9ff44888] GET /goals-> 200 in 5.52ms
[2025-11-02 21:28:39] [INFO] [goalbet]: [trace=0a9b4b86] GET /goals-> 200 in 4.41ms
[2025-11-02 21:28:39] [INFO] [goalbet]: [trace=d8ebf31b] GET /goals-> 200 in 5.66ms
[2025-11-03 23:04:37] [INFO] [goalbet]: Logger setup completed
[2025-11-03 23:04:37] [INFO] [goalbet]: Starting GoalBet API...
[2025-11-03 23:48:18] [INFO] [goalbet]: [trace=23794428] GET /goals-> 200 in 102.78ms
[2025-11-03 23:48:18] [INFO] [goalbet]: [trace=0f551def] GET /goals-> 200 in 5.37ms
[2025-11-05 00:32:04] [INFO] [goalbet]: Logger setup completed
[2025-11-05 00:32:04] [INFO] [goalbet]: Starting GoalBet API...
[2025-11-05 00:33:52] [INFO] [goalbet]: [trace=28f19ef4] GET /auth/me-> 400 in 4.99ms
[2025-11-05 00:33:52] [INFO] [goalbet]: [trace=41ebd9dd] GET /auth/me-> 400 in 2.09ms
[2025-11-05 00:34:03] [INFO] [goalbet]: [trace=28d7c33c] GET /goals-> 200 in 85.76ms
[2025-11-05 00:34:03] [INFO] [goalbet]: [trace=b22e6864] GET /goals-> 200 in 3.90ms
[2025-11-05 11:09:11] [INFO] [goalbet]: Logger setup completed
[2025-11-05 11:09:11] [INFO] [goalbet]: Starting GoalBet API...
[2025-11-05 11:17:14] [INFO] [goalbet]: Logger setup completed
[2025-11-05 11:17:14] [INFO] [goalbet]: Starting GoalBet API...
[2025-11-05 11:22:23] [INFO] [goalbet]: [trace=d5132223] GET /auth/me-> 400 in 8.09ms
[2025-11-05 11:22:23] [INFO] [goalbet]: [trace=18d31005] GET /auth/me-> 400 in 2.10ms
[2025-11-05 11:25:25] [INFO] [goalbet]: [trace=38ebf6a7] GET /auth/me-> 400 in 4.31ms
[2025-11-05 11:25:25] [INFO] [goalbet]: [trace=3ec094ed] GET /auth/me-> 400 in 3.95ms
[2025-11-05 11:37:06] [INFO] [goalbet]: Logger setup completed
[2025-11-05 11:37:06] [INFO] [goalbet]: Starting GoalBet API...
[2025-11-05 11:37:15] [INFO] [goalbet]: [trace=4d65a954] GET /auth/me-> 400 in 3.09ms
[2025-11-05 11:37:15] [ERROR] [goalbet]: [trace=no-trace] GET /auth/me crashed: '_StreamingResponse' object has no attribute 'body'
Traceback (most recent call last):
  File "/app/api/app/main.py", line 69, in log_exceptions
    f"{response.status_code} ({response.body.decode('utf-8', 'ignore')})"
AttributeError: '_StreamingResponse' object has no attribute 'body'

[2025-11-05 11:37:15] [INFO] [goalbet]: [trace=f86b8603] GET /auth/me-> 400 in 3.95ms
[2025-11-05 11:37:15] [ERROR] [goalbet]: [trace=no-trace] GET /auth/me crashed: '_StreamingResponse' object has no attribute 'body'
Traceback (most recent call last):
  File "/app/api/app/main.py", line 69, in log_exceptions
    f"{response.status_code} ({response.body.decode('utf-8', 'ignore')})"
AttributeError: '_StreamingResponse' object has no attribute 'body'

[2025-11-05 11:41:26] [INFO] [goalbet]: Logger setup completed
[2025-11-05 11:41:26] [INFO] [goalbet]: Starting GoalBet API...
[2025-11-05 11:41:45] [INFO] [goalbet]: [trace=80fb0ba8] GET /auth/me-> 400 in 6.08ms
[2025-11-05 11:41:45] [WARNING] [goalbet]: [trace=no-trace] GET /auth/me -> 400 (response=_StreamingResponse, body=unavailable)
[2025-11-05 11:41:45] [INFO] [goalbet]: [trace=acd31e9f] GET /auth/me-> 400 in 2.68ms
[2025-11-05 11:41:45] [WARNING] [goalbet]: [trace=no-trace] GET /auth/me -> 400 (response=_StreamingResponse, body=unavailable)
[2025-11-05 11:45:33] [INFO] [goalbet]: Logger setup completed
[2025-11-05 11:45:33] [INFO] [goalbet]: Starting GoalBet API...
[2025-11-05 11:46:26] [ERROR] [goalbet]: Invalid token: eyJhbGciOiJIUzI1NiIsInR5cCI6IkpXVCJ9.eyJzdWIiOiJ0ZXN0MTIzQHRlc3QuY29tIiwiZXhwIjoxNzYxOTQ5NDExfQ.OkyK4w1jZ8CoBsYMFUbTelMCRdTlUxjVmgeiktJ9_IY
[2025-11-05 11:46:26] [INFO] [goalbet]: [trace=670aaf73] GET /auth/me-> 400 in 5.88ms
[2025-11-05 11:46:26] [WARNING] [goalbet]: [trace=no-trace] GET /auth/me -> 400 (response=_StreamingResponse, body=unavailable)
[2025-11-05 11:46:26] [ERROR] [goalbet]: Invalid token: eyJhbGciOiJIUzI1NiIsInR5cCI6IkpXVCJ9.eyJzdWIiOiJ0ZXN0MTIzQHRlc3QuY29tIiwiZXhwIjoxNzYxOTQ5NDExfQ.OkyK4w1jZ8CoBsYMFUbTelMCRdTlUxjVmgeiktJ9_IY
[2025-11-05 11:46:26] [INFO] [goalbet]: [trace=9f2eea5a] GET /auth/me-> 400 in 4.75ms
[2025-11-05 11:46:26] [WARNING] [goalbet]: [trace=no-trace] GET /auth/me -> 400 (response=_StreamingResponse, body=unavailable)
[2025-11-05 12:05:27] [ERROR] [goalbet]: Invalid token: eyJhbGciOiJIUzI1NiIsInR5cCI6IkpXVCJ9.eyJzdWIiOiJ0ZXN0MTIzQHRlc3QuY29tIiwiZXhwIjoxNzYxOTQ5NDExfQ.OkyK4w1jZ8CoBsYMFUbTelMCRdTlUxjVmgeiktJ9_IY
[2025-11-05 12:05:27] [INFO] [goalbet]: [trace=bdda1254] GET /auth/me-> 400 in 5.25ms
[2025-11-05 12:05:27] [WARNING] [goalbet]: [trace=no-trace] GET /auth/me -> 400 (response=_StreamingResponse, body=unavailable)
[2025-11-05 12:12:47] [ERROR] [goalbet]: Invalid token: eyJhbGciOiJIUzI1NiIsInR5cCI6IkpXVCJ9.eyJzdWIiOiJ0ZXN0MTIzQHRlc3QuY29tIiwiZXhwIjoxNzYxOTQ5NDExfQ.OkyK4w1jZ8CoBsYMFUbTelMCRdTlUxjVmgeiktJ9_IY
[2025-11-05 12:12:47] [INFO] [goalbet]: [trace=d1ff26ba] GET /auth/me-> 400 in 4.24ms
[2025-11-05 12:12:47] [WARNING] [goalbet]: [trace=no-trace] GET /auth/me -> 400 (response=_StreamingResponse, body=unavailable)
[2025-11-05 12:12:47] [INFO] [goalbet]: [trace=7336c73d] GET /users/bets-> 401 in 4.05ms
[2025-11-05 12:12:47] [WARNING] [goalbet]: [trace=no-trace] GET /users/bets -> 401 (response=_StreamingResponse, body=unavailable)
[2025-11-05 12:12:47] [INFO] [goalbet]: [trace=c5ed7686] GET /goals/mine-> 401 in 10.73ms
[2025-11-05 12:12:47] [WARNING] [goalbet]: [trace=no-trace] GET /goals/mine -> 401 (response=_StreamingResponse, body=unavailable)
[2025-11-05 12:12:47] [INFO] [goalbet]: [trace=f5e78210] GET /goals-> 200 in 198.20ms
[2025-11-05 12:12:47] [INFO] [goalbet]: [trace=b92b8560] GET /goals-> 200 in 4.39ms
[2025-11-05 12:12:47] [INFO] [goalbet]: [trace=3f865cc9] GET /goals-> 200 in 3.60ms
[2025-11-05 12:12:49] [INFO] [goalbet]: [trace=60ae5853] GET /goals-> 200 in 5.70ms
[2025-11-05 12:12:49] [INFO] [goalbet]: [trace=80c47623] GET /goals-> 200 in 6.69ms
[2025-11-05 12:12:54] [INFO] [goalbet]: [trace=fc503aa5] GET /auth/me-> 401 in 1.70ms
[2025-11-05 12:12:54] [WARNING] [goalbet]: [trace=no-trace] GET /auth/me -> 401 (response=_StreamingResponse, body=unavailable)
[2025-11-05 12:12:54] [INFO] [goalbet]: [trace=867e7b9d] GET /auth/me-> 401 in 1.47ms
[2025-11-05 12:12:54] [WARNING] [goalbet]: [trace=no-trace] GET /auth/me -> 401 (response=_StreamingResponse, body=unavailable)
[2025-11-05 12:12:54] [INFO] [goalbet]: [trace=5ded8fe3] GET /goals/mine-> 401 in 12.76ms
[2025-11-05 12:12:54] [INFO] [goalbet]: [trace=8c8b6654] GET /users/bets-> 401 in 6.46ms
[2025-11-05 12:12:54] [WARNING] [goalbet]: [trace=no-trace] GET /goals/mine -> 401 (response=_StreamingResponse, body=unavailable)
[2025-11-05 12:12:54] [WARNING] [goalbet]: [trace=no-trace] GET /users/bets -> 401 (response=_StreamingResponse, body=unavailable)
[2025-11-05 12:12:54] [INFO] [goalbet]: [trace=33a043df] GET /users/bets-> 401 in 65.15ms
[2025-11-05 12:12:54] [WARNING] [goalbet]: [trace=no-trace] GET /users/bets -> 401 (response=_StreamingResponse, body=unavailable)
[2025-11-05 12:12:54] [INFO] [goalbet]: [trace=d4a4ea8a] GET /goals/mine-> 401 in 67.21ms
[2025-11-05 12:12:54] [INFO] [goalbet]: [trace=ace4ac9e] GET /goals-> 200 in 87.39ms
[2025-11-05 12:12:54] [WARNING] [goalbet]: [trace=no-trace] GET /goals/mine -> 401 (response=_StreamingResponse, body=unavailable)
[2025-11-05 12:12:54] [INFO] [goalbet]: [trace=3b048c4d] GET /goals-> 200 in 6.70ms
[2025-11-05 12:12:54] [INFO] [goalbet]: [trace=c6b04e75] GET /goals-> 200 in 5.56ms
[2025-11-05 12:12:54] [INFO] [goalbet]: [trace=3324e062] GET /goals-> 200 in 6.76ms
[2025-11-05 12:13:27] [INFO] [goalbet]: [trace=42b8860c] GET /goals-> 200 in 7.85ms
[2025-11-05 12:13:27] [INFO] [goalbet]: [trace=3e940f38] GET /goals-> 200 in 6.04ms
[2025-11-05 12:13:34] [INFO] [goalbet]: [trace=a8428bce] POST /auth/login-> 200 in 39.12ms
[2025-11-05 12:13:39] [INFO] [goalbet]: [trace=8a43eef3] GET /auth/me-> 200 in 7.69ms
[2025-11-05 12:13:39] [INFO] [goalbet]: [trace=71be1a3d] GET /auth/me-> 200 in 8.45ms
[2025-11-05 12:13:39] [INFO] [goalbet]: [trace=56b8980a] GET /goals/mine-> 422 in 15.20ms
[2025-11-05 12:13:39] [WARNING] [goalbet]: [trace=no-trace] GET /goals/mine -> 422 (response=_StreamingResponse, body=unavailable)
[2025-11-05 12:13:39] [INFO] [goalbet]: [trace=19da04aa] GET /goals-> 200 in 35.30ms
[2025-11-05 12:13:39] [INFO] [goalbet]: [trace=2fcfbd96] GET /goals/mine-> 422 in 15.10ms
[2025-11-05 12:13:39] [INFO] [goalbet]: [trace=d88f0467] GET /users/bets-> 200 in 43.16ms
[2025-11-05 12:13:39] [WARNING] [goalbet]: [trace=no-trace] GET /goals/mine -> 422 (response=_StreamingResponse, body=unavailable)
[2025-11-05 12:13:39] [INFO] [goalbet]: [trace=f0e80001] GET /goals-> 200 in 12.09ms
[2025-11-05 12:13:39] [INFO] [goalbet]: [trace=0412a225] GET /users/bets-> 200 in 14.44ms
[2025-11-05 12:13:45] [INFO] [goalbet]: [trace=7498054d] GET /goals-> 200 in 4.92ms
[2025-11-05 12:13:45] [INFO] [goalbet]: [trace=2690927e] GET /goals-> 200 in 5.36ms
[2025-11-05 12:13:47] [INFO] [goalbet]: [trace=1462de38] GET /auth/me-> 200 in 6.03ms
[2025-11-05 12:13:47] [INFO] [goalbet]: [trace=3884be19] GET /auth/me-> 200 in 6.94ms
[2025-11-05 12:13:47] [INFO] [goalbet]: [trace=d743650c] GET /goals/mine-> 422 in 12.29ms
[2025-11-05 12:13:47] [WARNING] [goalbet]: [trace=no-trace] GET /goals/mine -> 422 (response=_StreamingResponse, body=unavailable)
[2025-11-05 12:13:47] [INFO] [goalbet]: [trace=7e1540b9] GET /goals-> 200 in 17.89ms
[2025-11-05 12:13:47] [INFO] [goalbet]: [trace=33ce43f8] GET /users/bets-> 200 in 20.10ms
[2025-11-05 12:13:47] [INFO] [goalbet]: [trace=c1463660] GET /goals/mine-> 422 in 12.81ms
[2025-11-05 12:13:47] [WARNING] [goalbet]: [trace=no-trace] GET /goals/mine -> 422 (response=_StreamingResponse, body=unavailable)
[2025-11-05 12:13:47] [INFO] [goalbet]: [trace=41c0f2ed] GET /goals-> 200 in 12.72ms
[2025-11-05 12:13:47] [INFO] [goalbet]: [trace=a22493e6] GET /users/bets-> 200 in 16.20ms
[2025-11-05 13:07:59] [INFO] [goalbet]: Logger setup completed
[2025-11-05 13:08:00] [INFO] [goalbet]: Starting GoalBet API...
[2025-11-05 13:08:05] [INFO] [goalbet]: [trace=b79dc250] GET /auth/me-> 200 in 106.56ms
[2025-11-05 13:08:05] [INFO] [goalbet]: [trace=d5ced99a] GET /auth/me-> 200 in 6.14ms
[2025-11-05 13:08:06] [INFO] [goalbet]: [trace=03981a1a] GET /users/bets-> 200 in 22.55ms
[2025-11-05 13:08:06] [INFO] [goalbet]: [trace=d2342542] GET /goals-> 200 in 30.21ms
[2025-11-05 13:08:06] [INFO] [goalbet]: [trace=23dae449] GET /goals/mine-> 200 in 44.20ms
[2025-11-05 13:08:06] [INFO] [goalbet]: [trace=35e1816d] GET /users/bets-> 200 in 23.16ms
[2025-11-05 13:08:06] [INFO] [goalbet]: [trace=51de0a22] GET /goals-> 200 in 19.10ms
[2025-11-05 13:08:06] [INFO] [goalbet]: [trace=cf9e82d7] GET /goals/mine-> 200 in 17.64ms
[2025-11-05 13:08:16] [INFO] [goalbet]: [trace=7886e84e] GET /auth/me-> 200 in 8.24ms
[2025-11-05 13:08:16] [INFO] [goalbet]: [trace=10d460ad] GET /auth/me-> 200 in 7.15ms
[2025-11-05 13:08:16] [INFO] [goalbet]: [trace=3201ca03] GET /goals/mine-> 200 in 18.12ms
[2025-11-05 13:08:16] [INFO] [goalbet]: [trace=53b7f4dc] GET /goals-> 200 in 16.25ms
[2025-11-05 13:08:16] [INFO] [goalbet]: [trace=5396ee03] GET /users/bets-> 200 in 25.46ms
[2025-11-05 13:08:16] [INFO] [goalbet]: [trace=4bc16523] GET /goals-> 200 in 21.05ms
[2025-11-05 13:08:16] [INFO] [goalbet]: [trace=b98ec957] GET /users/bets-> 200 in 20.90ms
[2025-11-05 13:08:16] [INFO] [goalbet]: [trace=e7e696a3] GET /goals/mine-> 200 in 28.16ms
[2025-11-05 13:08:26] [INFO] [goalbet]: [trace=4ddc59d7] GET /goals-> 200 in 4.68ms
[2025-11-05 13:08:26] [INFO] [goalbet]: [trace=b3cf9e0d] GET /goals-> 200 in 4.72ms
[2025-11-05 13:08:27] [INFO] [goalbet]: [trace=236c4ea5] GET /auth/me-> 200 in 8.06ms
[2025-11-05 13:08:27] [INFO] [goalbet]: [trace=92841d98] GET /auth/me-> 200 in 7.29ms
[2025-11-05 13:08:27] [INFO] [goalbet]: [trace=0cc55bd2] GET /goals-> 200 in 12.44ms
[2025-11-05 13:08:27] [INFO] [goalbet]: [trace=576d5699] GET /goals/mine-> 200 in 18.70ms
[2025-11-05 13:08:27] [INFO] [goalbet]: [trace=ad606c06] GET /users/bets-> 200 in 25.36ms
[2025-11-05 13:08:27] [INFO] [goalbet]: [trace=c94546c3] GET /goals-> 200 in 15.04ms
[2025-11-05 13:08:27] [INFO] [goalbet]: [trace=33ddb65b] GET /goals/mine-> 200 in 14.94ms
[2025-11-05 13:08:27] [INFO] [goalbet]: [trace=c6de7f95] GET /users/bets-> 200 in 11.38ms
[2025-11-05 13:08:36] [INFO] [goalbet]: [trace=d66a6cba] GET /goals-> 200 in 6.90ms
[2025-11-05 13:08:36] [INFO] [goalbet]: [trace=de3f0c74] GET /goals-> 200 in 5.02ms
[2025-11-05 13:08:37] [INFO] [goalbet]: [trace=8723fdab] GET /auth/me-> 200 in 9.20ms
[2025-11-05 13:08:37] [INFO] [goalbet]: [trace=754f41a9] GET /auth/me-> 200 in 7.08ms
[2025-11-05 13:08:37] [INFO] [goalbet]: [trace=19a19100] GET /goals/mine-> 200 in 17.93ms
[2025-11-05 13:08:37] [INFO] [goalbet]: [trace=e7d0e4bc] GET /goals-> 200 in 16.72ms
[2025-11-05 13:08:37] [INFO] [goalbet]: [trace=56ab9a5c] GET /users/bets-> 200 in 21.74ms
[2025-11-05 13:08:37] [INFO] [goalbet]: [trace=e46913b6] GET /goals-> 200 in 12.69ms
[2025-11-05 13:08:37] [INFO] [goalbet]: [trace=11216e26] GET /users/bets-> 200 in 12.58ms
[2025-11-05 13:08:37] [INFO] [goalbet]: [trace=edfeba56] GET /goals/mine-> 200 in 19.16ms
[2025-11-05 13:12:25] [INFO] [goalbet]: [trace=f29a3c7d] POST /goals-> 200 in 33.92ms
[2025-11-05 13:12:25] [INFO] [goalbet]: [trace=f6256ead] GET /goals-> 200 in 12.13ms
[2025-11-05 13:12:25] [INFO] [goalbet]: [trace=6200d5ac] GET /goals-> 200 in 9.16ms
[2025-11-05 13:12:32] [INFO] [goalbet]: [trace=d2f62e3b] GET /auth/me-> 200 in 6.82ms
[2025-11-05 13:12:32] [INFO] [goalbet]: [trace=25001712] GET /auth/me-> 200 in 7.21ms
[2025-11-05 13:12:32] [INFO] [goalbet]: [trace=cbee0988] GET /users/bets-> 200 in 17.70ms
[2025-11-05 13:12:32] [INFO] [goalbet]: [trace=2adebbaa] GET /goals/mine-> 200 in 19.79ms
[2025-11-05 13:12:32] [INFO] [goalbet]: [trace=ae5e408c] GET /goals-> 200 in 25.67ms
[2025-11-05 13:12:32] [INFO] [goalbet]: [trace=d6e57e8d] GET /goals/mine-> 200 in 14.88ms
[2025-11-05 13:12:32] [INFO] [goalbet]: [trace=2767791f] GET /users/bets-> 200 in 15.48ms
[2025-11-05 13:12:32] [INFO] [goalbet]: [trace=66e07a8d] GET /goals-> 200 in 14.88ms
[2025-11-05 13:12:41] [INFO] [goalbet]: [trace=8a209227] GET /auth/me-> 200 in 8.78ms
[2025-11-05 13:12:41] [INFO] [goalbet]: [trace=3ebc30e6] GET /auth/me-> 200 in 9.88ms
[2025-11-05 13:12:41] [INFO] [goalbet]: [trace=28f0eba3] GET /users/bets-> 200 in 16.49ms
[2025-11-05 13:12:41] [INFO] [goalbet]: [trace=aa7665bb] GET /goals/mine-> 200 in 20.51ms
[2025-11-05 13:12:41] [INFO] [goalbet]: [trace=cc6fcfa1] GET /goals-> 200 in 20.60ms
[2025-11-05 13:12:41] [INFO] [goalbet]: [trace=d92a4a4e] GET /goals/mine-> 200 in 15.14ms
[2025-11-05 13:12:41] [INFO] [goalbet]: [trace=9096eae9] GET /users/bets-> 200 in 19.52ms
[2025-11-05 13:12:41] [INFO] [goalbet]: [trace=c97868a8] GET /goals-> 200 in 20.94ms
[2025-11-05 13:12:59] [INFO] [goalbet]: [trace=cf8f93bf] GET /goals-> 200 in 11.88ms
[2025-11-05 13:12:59] [INFO] [goalbet]: [trace=f8c241ee] GET /goals-> 200 in 16.54ms
[2025-11-05 13:24:22] [ERROR] [goalbet]: Invalid token: eyJhbGciOiJIUzI1NiIsInR5cCI6IkpXVCJ9.eyJzdWIiOiJ0ZXN0MTIzQHRlc3QuY29tIiwiZXhwIjoxNzYyMzQ4NDE0fQ.Y05V1UU8K1Wu-ZTbdu9UuX1EBaY4zSOP4ilzwm8JKrk
[2025-11-05 13:24:22] [INFO] [goalbet]: [trace=be1f3429] GET /auth/me-> 400 in 9.69ms
[2025-11-05 13:24:22] [ERROR] [goalbet]: [trace=no-trace] GET /auth/me crashed: '_StreamingResponse' object has no attribute 'content'
Traceback (most recent call last):
  File "/app/api/app/main.py", line 68, in log_exceptions
    logger.error(f"[trace={trace_id}] {request.method} {request.url.path} {resp_type}: {response.content}")
AttributeError: '_StreamingResponse' object has no attribute 'content'

[2025-11-05 13:24:22] [ERROR] [goalbet]: Invalid token: eyJhbGciOiJIUzI1NiIsInR5cCI6IkpXVCJ9.eyJzdWIiOiJ0ZXN0MTIzQHRlc3QuY29tIiwiZXhwIjoxNzYyMzQ4NDE0fQ.Y05V1UU8K1Wu-ZTbdu9UuX1EBaY4zSOP4ilzwm8JKrk
[2025-11-05 13:24:22] [INFO] [goalbet]: [trace=1b82e8a0] GET /auth/me-> 400 in 8.57ms
[2025-11-05 13:24:22] [ERROR] [goalbet]: [trace=no-trace] GET /auth/me crashed: '_StreamingResponse' object has no attribute 'content'
Traceback (most recent call last):
  File "/app/api/app/main.py", line 68, in log_exceptions
    logger.error(f"[trace={trace_id}] {request.method} {request.url.path} {resp_type}: {response.content}")
AttributeError: '_StreamingResponse' object has no attribute 'content'

[2025-11-05 13:24:22] [INFO] [goalbet]: [trace=83cb6dc4] GET /goals/mine-> 401 in 5.61ms
[2025-11-05 13:24:22] [ERROR] [goalbet]: [trace=no-trace] GET /goals/mine crashed: '_StreamingResponse' object has no attribute 'content'
Traceback (most recent call last):
  File "/app/api/app/main.py", line 68, in log_exceptions
    logger.error(f"[trace={trace_id}] {request.method} {request.url.path} {resp_type}: {response.content}")
AttributeError: '_StreamingResponse' object has no attribute 'content'

[2025-11-05 13:24:22] [INFO] [goalbet]: [trace=2bfae1a9] GET /users/bets-> 401 in 7.63ms
[2025-11-05 13:24:22] [ERROR] [goalbet]: [trace=no-trace] GET /users/bets crashed: '_StreamingResponse' object has no attribute 'content'
Traceback (most recent call last):
  File "/app/api/app/main.py", line 68, in log_exceptions
    logger.error(f"[trace={trace_id}] {request.method} {request.url.path} {resp_type}: {response.content}")
AttributeError: '_StreamingResponse' object has no attribute 'content'

[2025-11-05 13:24:22] [INFO] [goalbet]: [trace=9c159e7a] GET /goals/mine-> 401 in 12.40ms
[2025-11-05 13:24:22] [ERROR] [goalbet]: [trace=no-trace] GET /goals/mine crashed: '_StreamingResponse' object has no attribute 'content'
Traceback (most recent call last):
  File "/app/api/app/main.py", line 68, in log_exceptions
    logger.error(f"[trace={trace_id}] {request.method} {request.url.path} {resp_type}: {response.content}")
AttributeError: '_StreamingResponse' object has no attribute 'content'

[2025-11-05 13:24:22] [INFO] [goalbet]: [trace=fd56ee44] GET /users/bets-> 401 in 7.15ms
[2025-11-05 13:24:22] [ERROR] [goalbet]: [trace=no-trace] GET /users/bets crashed: '_StreamingResponse' object has no attribute 'content'
Traceback (most recent call last):
  File "/app/api/app/main.py", line 68, in log_exceptions
    logger.error(f"[trace={trace_id}] {request.method} {request.url.path} {resp_type}: {response.content}")
AttributeError: '_StreamingResponse' object has no attribute 'content'

[2025-11-05 13:24:22] [INFO] [goalbet]: [trace=8e50cf23] GET /goals-> 200 in 46.07ms
[2025-11-05 13:24:22] [INFO] [goalbet]: [trace=b9b7ca27] GET /goals-> 200 in 17.29ms
[2025-11-05 13:24:22] [INFO] [goalbet]: [trace=163e9cc2] GET /goals-> 200 in 14.69ms
[2025-11-05 13:24:22] [INFO] [goalbet]: [trace=4cf8cda1] GET /goals-> 200 in 14.75ms
[2025-11-05 13:24:54] [INFO] [goalbet]: [trace=d3c4ca9d] GET /auth/me-> 401 in 2.35ms
[2025-11-05 13:24:54] [ERROR] [goalbet]: [trace=no-trace] GET /auth/me crashed: '_StreamingResponse' object has no attribute 'content'
Traceback (most recent call last):
  File "/app/api/app/main.py", line 68, in log_exceptions
    logger.error(f"[trace={trace_id}] {request.method} {request.url.path} {resp_type}: {response.content}")
AttributeError: '_StreamingResponse' object has no attribute 'content'

[2025-11-05 13:24:54] [INFO] [goalbet]: [trace=56940a07] GET /auth/me-> 401 in 1.24ms
[2025-11-05 13:24:54] [ERROR] [goalbet]: [trace=no-trace] GET /auth/me crashed: '_StreamingResponse' object has no attribute 'content'
Traceback (most recent call last):
  File "/app/api/app/main.py", line 68, in log_exceptions
    logger.error(f"[trace={trace_id}] {request.method} {request.url.path} {resp_type}: {response.content}")
AttributeError: '_StreamingResponse' object has no attribute 'content'

[2025-11-05 13:24:54] [INFO] [goalbet]: [trace=5e19a568] GET /goals/mine-> 401 in 1.94ms
[2025-11-05 13:24:54] [ERROR] [goalbet]: [trace=no-trace] GET /goals/mine crashed: '_StreamingResponse' object has no attribute 'content'
Traceback (most recent call last):
  File "/app/api/app/main.py", line 68, in log_exceptions
    logger.error(f"[trace={trace_id}] {request.method} {request.url.path} {resp_type}: {response.content}")
AttributeError: '_StreamingResponse' object has no attribute 'content'

[2025-11-05 13:24:54] [INFO] [goalbet]: [trace=c5feae12] GET /users/bets-> 401 in 5.88ms
[2025-11-05 13:24:54] [ERROR] [goalbet]: [trace=no-trace] GET /users/bets crashed: '_StreamingResponse' object has no attribute 'content'
Traceback (most recent call last):
  File "/app/api/app/main.py", line 68, in log_exceptions
    logger.error(f"[trace={trace_id}] {request.method} {request.url.path} {resp_type}: {response.content}")
AttributeError: '_StreamingResponse' object has no attribute 'content'

[2025-11-05 13:24:54] [INFO] [goalbet]: [trace=e34653e7] GET /goals/mine-> 401 in 8.18ms
[2025-11-05 13:24:54] [ERROR] [goalbet]: [trace=no-trace] GET /goals/mine crashed: '_StreamingResponse' object has no attribute 'content'
Traceback (most recent call last):
  File "/app/api/app/main.py", line 68, in log_exceptions
    logger.error(f"[trace={trace_id}] {request.method} {request.url.path} {resp_type}: {response.content}")
AttributeError: '_StreamingResponse' object has no attribute 'content'

[2025-11-05 13:24:54] [INFO] [goalbet]: [trace=3b0954c8] GET /users/bets-> 401 in 3.65ms
[2025-11-05 13:24:54] [ERROR] [goalbet]: [trace=no-trace] GET /users/bets crashed: '_StreamingResponse' object has no attribute 'content'
Traceback (most recent call last):
  File "/app/api/app/main.py", line 68, in log_exceptions
    logger.error(f"[trace={trace_id}] {request.method} {request.url.path} {resp_type}: {response.content}")
AttributeError: '_StreamingResponse' object has no attribute 'content'

[2025-11-05 13:24:55] [INFO] [goalbet]: [trace=a0b32a7c] GET /goals-> 200 in 47.94ms
[2025-11-05 13:24:55] [INFO] [goalbet]: [trace=1cfccccd] GET /goals-> 200 in 14.37ms
[2025-11-05 13:24:55] [INFO] [goalbet]: [trace=e9f6a641] GET /goals-> 200 in 15.77ms
[2025-11-05 13:24:55] [INFO] [goalbet]: [trace=d9afac42] GET /goals-> 200 in 14.59ms
[2025-11-05 13:24:58] [INFO] [goalbet]: [trace=8cf4b204] POST /auth/login-> 200 in 19.52ms
[2025-11-05 13:25:01] [INFO] [goalbet]: [trace=7ae4f5fb] GET /auth/me-> 200 in 9.67ms
[2025-11-05 13:25:01] [INFO] [goalbet]: [trace=f11eb93e] GET /auth/me-> 200 in 7.31ms
[2025-11-05 13:25:01] [INFO] [goalbet]: [trace=ab3b60c7] GET /goals/mine-> 200 in 25.40ms
[2025-11-05 13:25:01] [INFO] [goalbet]: [trace=dc31181e] GET /users/bets-> 200 in 28.06ms
[2025-11-05 13:25:01] [INFO] [goalbet]: [trace=bd5a9896] GET /goals-> 200 in 32.54ms
[2025-11-05 13:25:01] [INFO] [goalbet]: [trace=0f1d9452] GET /goals-> 200 in 16.07ms
[2025-11-05 13:25:01] [INFO] [goalbet]: [trace=f5a83128] GET /goals/mine-> 200 in 24.59ms
[2025-11-05 13:25:01] [INFO] [goalbet]: [trace=1ab211cb] GET /users/bets-> 200 in 26.89ms
[2025-11-06 13:16:37] [INFO] [goalbet]: Logger setup completed
[2025-11-06 13:16:37] [INFO] [goalbet]: Starting GoalBet API...
[2025-11-06 20:54:55] [INFO] [goalbet]: Logger setup completed
[2025-11-06 20:54:55] [INFO] [goalbet]: Starting GoalBet API...
[2025-11-06 20:55:16] [INFO] [goalbet]: [trace=2a420931] GET /goals-> 200 in 115.00ms
[2025-11-07 10:30:11] [INFO] [goalbet]: [trace=b0bab422] GET /auth/me-> 401 in 18.24ms
[2025-11-07 10:30:11] [ERROR] [goalbet]: [trace=no-trace] GET /auth/me _StreamingResponse 401: 
[2025-11-07 10:30:11] [INFO] [goalbet]: [trace=ddc21e8b] GET /auth/me-> 401 in 1.00ms
[2025-11-07 10:30:11] [ERROR] [goalbet]: [trace=no-trace] GET /auth/me _StreamingResponse 401: 
[2025-11-07 10:30:11] [INFO] [goalbet]: [trace=99603c0c] GET /goals/mine-> 401 in 37.85ms
[2025-11-07 10:30:11] [ERROR] [goalbet]: [trace=no-trace] GET /goals/mine _StreamingResponse 401: 
[2025-11-07 10:30:11] [INFO] [goalbet]: [trace=2614f34e] GET /users/bets-> 401 in 39.23ms
[2025-11-07 10:30:11] [ERROR] [goalbet]: [trace=no-trace] GET /users/bets _StreamingResponse 401: 
[2025-11-07 10:30:11] [INFO] [goalbet]: [trace=7c7e0ed7] GET /goals/mine-> 401 in 221.41ms
[2025-11-07 10:30:11] [INFO] [goalbet]: [trace=69c75a47] GET /users/bets-> 401 in 7.05ms
[2025-11-07 10:30:11] [ERROR] [goalbet]: [trace=no-trace] GET /goals/mine _StreamingResponse 401: 
[2025-11-07 10:30:11] [ERROR] [goalbet]: [trace=no-trace] GET /users/bets _StreamingResponse 401: 
[2025-11-07 10:30:11] [INFO] [goalbet]: [trace=6737c128] GET /goals-> 200 in 254.07ms
[2025-11-07 10:30:11] [INFO] [goalbet]: [trace=704a03ac] GET /goals-> 200 in 7.63ms
[2025-11-07 10:30:11] [INFO] [goalbet]: [trace=72d069cb] GET /goals-> 200 in 8.75ms
[2025-11-07 10:30:11] [INFO] [goalbet]: [trace=9c3a94d3] GET /goals-> 200 in 9.30ms
[2025-11-07 10:30:15] [INFO] [goalbet]: [trace=a4febf5b] POST /auth/login-> 200 in 49.14ms
[2025-11-07 10:30:30] [INFO] [goalbet]: [trace=5a4cafad] GET /auth/me-> 200 in 5.56ms
[2025-11-07 10:30:30] [INFO] [goalbet]: [trace=92b4a823] GET /auth/me-> 200 in 4.82ms
[2025-11-07 10:30:30] [INFO] [goalbet]: [trace=68827179] GET /goals/mine-> 200 in 13.33ms
[2025-11-07 10:30:30] [INFO] [goalbet]: [trace=721f043c] GET /goals/mine-> 200 in 6.26ms
[2025-11-07 10:30:30] [INFO] [goalbet]: [trace=01563a9c] GET /users/bets-> 200 in 27.88ms
[2025-11-07 10:30:30] [INFO] [goalbet]: [trace=f7418916] GET /goals-> 200 in 30.29ms
[2025-11-07 10:30:30] [INFO] [goalbet]: [trace=dc3f4033] GET /users/bets-> 200 in 6.73ms
[2025-11-07 10:30:30] [INFO] [goalbet]: [trace=3e2c589a] GET /goals-> 200 in 7.42ms
[2025-11-07 10:30:34] [INFO] [goalbet]: [trace=e9c971b1] GET /goals-> 200 in 5.81ms
[2025-11-07 10:30:34] [INFO] [goalbet]: [trace=1095072d] GET /goals-> 200 in 6.32ms
[2025-11-07 10:30:36] [INFO] [goalbet]: [trace=225cc4f4] GET /goals-> 200 in 6.15ms
[2025-11-07 10:30:36] [INFO] [goalbet]: [trace=28d78d94] GET /goals-> 200 in 6.27ms
[2025-11-07 10:30:36] [INFO] [goalbet]: [trace=23f819ba] GET /goals/get_goal/1-> 200 in 7.55ms
[2025-11-07 10:30:36] [INFO] [goalbet]: [trace=5c9c4b77] GET /goals/get_goal/1-> 200 in 6.55ms
[2025-11-07 10:30:54] [INFO] [goalbet]: [trace=1bbfaa5c] POST /markets/1/bets-> 200 in 34.21ms
[2025-11-07 10:30:54] [INFO] [goalbet]: [trace=ca918d5a] GET /goals/get_goal/1-> 200 in 5.36ms
[2025-11-07 10:30:58] [INFO] [goalbet]: [trace=898de75e] GET /goals/get_goal/1-> 200 in 8.44ms
[2025-11-07 10:30:58] [INFO] [goalbet]: [trace=340ce21d] GET /goals/get_goal/1-> 200 in 7.26ms
[2025-11-07 10:31:08] [INFO] [goalbet]: [trace=19070275] POST /markets/1/bets-> 200 in 15.82ms
[2025-11-07 10:31:08] [INFO] [goalbet]: [trace=9ba9f0d8] GET /goals/get_goal/1-> 200 in 7.42ms
[2025-11-07 13:58:25] [ERROR] [goalbet]: Invalid token: eyJhbGciOiJIUzI1NiIsInR5cCI6IkpXVCJ9.eyJzdWIiOiJ0ZXN0MTIzQHRlc3QuY29tIiwiZXhwIjoxNzYyNTE1MDE1fQ._-12U1GJrm8GTkpglaZlS_Qf2tivUseO53uYzs9P9jY
[2025-11-07 13:58:25] [INFO] [goalbet]: [trace=88e5a614] GET /auth/me-> 400 in 34.26ms
[2025-11-07 13:58:25] [ERROR] [goalbet]: [trace=no-trace] GET /auth/me _StreamingResponse 400: 
[2025-11-07 13:58:25] [ERROR] [goalbet]: Invalid token: eyJhbGciOiJIUzI1NiIsInR5cCI6IkpXVCJ9.eyJzdWIiOiJ0ZXN0MTIzQHRlc3QuY29tIiwiZXhwIjoxNzYyNTE1MDE1fQ._-12U1GJrm8GTkpglaZlS_Qf2tivUseO53uYzs9P9jY
[2025-11-07 13:58:25] [INFO] [goalbet]: [trace=6a1b6c01] GET /auth/me-> 400 in 5.07ms
[2025-11-07 13:58:25] [ERROR] [goalbet]: [trace=no-trace] GET /auth/me _StreamingResponse 400: 
[2025-11-07 13:58:25] [INFO] [goalbet]: [trace=97eb57af] GET /goals/mine-> 401 in 3.23ms
[2025-11-07 13:58:25] [ERROR] [goalbet]: [trace=no-trace] GET /goals/mine _StreamingResponse 401: 
[2025-11-07 13:58:25] [INFO] [goalbet]: [trace=d12c40c6] GET /users/bets-> 401 in 6.53ms
[2025-11-07 13:58:25] [ERROR] [goalbet]: [trace=no-trace] GET /users/bets _StreamingResponse 401: 
[2025-11-07 13:58:25] [INFO] [goalbet]: [trace=71b8bfba] GET /goals/mine-> 401 in 4.63ms
[2025-11-07 13:58:25] [ERROR] [goalbet]: [trace=no-trace] GET /goals/mine _StreamingResponse 401: 
[2025-11-07 13:58:25] [INFO] [goalbet]: [trace=59e3e9a4] GET /users/bets-> 401 in 28.96ms
[2025-11-07 13:58:25] [ERROR] [goalbet]: [trace=no-trace] GET /users/bets _StreamingResponse 401: 
[2025-11-07 13:58:25] [INFO] [goalbet]: [trace=6bd01019] GET /goals-> 200 in 76.03ms
[2025-11-07 13:58:25] [INFO] [goalbet]: [trace=f72cc9c3] GET /goals-> 200 in 10.87ms
[2025-11-07 13:58:25] [INFO] [goalbet]: [trace=6bd3d332] GET /goals-> 200 in 10.73ms
[2025-11-07 13:58:25] [INFO] [goalbet]: [trace=b3fc6ac4] GET /goals-> 200 in 5.73ms
[2025-11-07 14:00:19] [INFO] [goalbet]: [trace=f187c7df] POST /auth/login-> 200 in 20.90ms
[2025-11-07 14:00:23] [INFO] [goalbet]: [trace=e6a0143b] GET /auth/me-> 200 in 6.87ms
[2025-11-07 14:00:23] [INFO] [goalbet]: [trace=d20992b4] GET /auth/me-> 200 in 6.22ms
[2025-11-07 14:00:23] [INFO] [goalbet]: [trace=9cf06e25] GET /goals/mine-> 200 in 16.09ms
[2025-11-07 14:00:23] [INFO] [goalbet]: [trace=a8a6db40] GET /users/bets-> 200 in 20.10ms
[2025-11-07 14:00:23] [INFO] [goalbet]: [trace=48710050] GET /goals-> 200 in 17.96ms
[2025-11-07 14:00:23] [INFO] [goalbet]: [trace=37ae54b6] GET /goals/mine-> 200 in 17.41ms
[2025-11-07 14:00:23] [INFO] [goalbet]: [trace=e62a7fab] GET /users/bets-> 200 in 14.97ms
[2025-11-07 14:00:23] [INFO] [goalbet]: [trace=f58965dc] GET /goals-> 200 in 13.76ms
[2025-11-07 14:00:58] [INFO] [goalbet]: [trace=a77a88e2] GET /goals/get_goal/1-> 200 in 10.76ms
[2025-11-07 14:00:58] [INFO] [goalbet]: [trace=adf844a0] GET /goals/get_goal/1-> 200 in 7.89ms
[2025-11-07 14:01:28] [INFO] [goalbet]: [trace=6a1142f5] POST /markets/1/bets-> 200 in 28.18ms
[2025-11-07 14:01:28] [INFO] [goalbet]: [trace=51dc1d7a] GET /goals/get_goal/1-> 200 in 5.20ms
[2025-11-07 14:01:34] [INFO] [goalbet]: [trace=98583885] POST /markets/1/bets-> 200 in 13.31ms
[2025-11-07 14:01:34] [INFO] [goalbet]: [trace=37fbc47c] GET /goals/get_goal/1-> 200 in 4.52ms
[2025-11-07 14:01:40] [INFO] [goalbet]: [trace=e04a44f6] GET /goals-> 200 in 5.47ms
[2025-11-07 14:01:40] [INFO] [goalbet]: [trace=1bc37846] GET /goals-> 200 in 6.33ms
[2025-11-07 14:01:42] [INFO] [goalbet]: [trace=1ac3cbd0] GET /auth/me-> 200 in 7.22ms
[2025-11-07 14:01:42] [INFO] [goalbet]: [trace=11f2c6ce] GET /auth/me-> 200 in 7.24ms
[2025-11-07 14:01:42] [INFO] [goalbet]: [trace=b6672c9d] GET /goals/mine-> 200 in 9.28ms
[2025-11-07 14:01:42] [INFO] [goalbet]: [trace=da3336a7] GET /users/bets-> 200 in 19.54ms
[2025-11-07 14:01:42] [INFO] [goalbet]: [trace=97223afd] GET /goals/mine-> 200 in 31.92ms
[2025-11-07 14:01:42] [INFO] [goalbet]: [trace=fe93a30b] GET /goals-> 200 in 34.98ms
[2025-11-07 14:01:42] [INFO] [goalbet]: [trace=9a75cc89] GET /users/bets-> 200 in 13.14ms
[2025-11-07 14:01:42] [INFO] [goalbet]: [trace=5f40812d] GET /goals-> 200 in 11.16ms
[2025-11-07 14:01:44] [INFO] [goalbet]: [trace=e3dbfe4b] GET /goals-> 200 in 5.80ms
[2025-11-07 14:01:44] [INFO] [goalbet]: [trace=26ba8e79] GET /goals-> 200 in 5.51ms
[2025-11-07 14:01:48] [INFO] [goalbet]: [trace=85952ab0] GET /goals-> 200 in 7.62ms
[2025-11-07 14:01:48] [INFO] [goalbet]: [trace=46c8262f] GET /goals-> 200 in 6.33ms
[2025-11-07 14:01:50] [INFO] [goalbet]: [trace=02e7ade4] GET /auth/me-> 200 in 4.53ms
[2025-11-07 14:01:50] [INFO] [goalbet]: [trace=c6ef3ea2] GET /auth/me-> 200 in 3.85ms
[2025-11-07 14:01:50] [INFO] [goalbet]: [trace=08c65034] GET /goals/mine-> 200 in 12.36ms
[2025-11-07 14:01:50] [INFO] [goalbet]: [trace=4ff6b4d8] GET /goals-> 200 in 12.66ms
[2025-11-07 14:01:50] [INFO] [goalbet]: [trace=78debe33] GET /users/bets-> 200 in 16.02ms
[2025-11-07 14:01:50] [INFO] [goalbet]: [trace=65134c5f] GET /goals/mine-> 200 in 15.10ms
[2025-11-07 14:01:50] [INFO] [goalbet]: [trace=2577dbae] GET /goals-> 200 in 11.69ms
[2025-11-07 14:01:50] [INFO] [goalbet]: [trace=2f8e01cf] GET /users/bets-> 200 in 13.66ms
[2025-11-07 14:01:53] [INFO] [goalbet]: [trace=fcf29f0b] GET /goals-> 200 in 5.98ms
[2025-11-07 14:01:53] [INFO] [goalbet]: [trace=bf648972] GET /goals-> 200 in 7.45ms
[2025-11-07 14:01:54] [INFO] [goalbet]: [trace=0c195cc7] GET /auth/me-> 200 in 5.00ms
[2025-11-07 14:01:54] [INFO] [goalbet]: [trace=bc89d682] GET /auth/me-> 200 in 5.67ms
[2025-11-07 14:01:54] [INFO] [goalbet]: [trace=919ca9a3] GET /goals/mine-> 200 in 13.19ms
[2025-11-07 14:01:54] [INFO] [goalbet]: [trace=2bfc5cfa] GET /users/bets-> 200 in 13.89ms
[2025-11-07 14:01:54] [INFO] [goalbet]: [trace=e92d2c46] GET /goals-> 200 in 15.06ms
[2025-11-07 14:01:54] [INFO] [goalbet]: [trace=2f15ca4e] GET /goals/mine-> 200 in 15.11ms
[2025-11-07 14:01:54] [INFO] [goalbet]: [trace=6963417a] GET /users/bets-> 200 in 11.56ms
[2025-11-07 14:01:54] [INFO] [goalbet]: [trace=fbabbcd7] GET /goals-> 200 in 17.83ms
[2025-11-07 14:06:31] [INFO] [goalbet]: [trace=436b3999] GET /goals-> 200 in 16.66ms
[2025-11-07 14:06:31] [INFO] [goalbet]: [trace=e6bf01c0] GET /goals-> 200 in 7.77ms
[2025-11-07 14:06:31] [INFO] [goalbet]: [trace=9cd4d595] GET /auth/me-> 200 in 7.39ms
[2025-11-07 14:06:32] [INFO] [goalbet]: [trace=dcad5f27] GET /auth/me-> 200 in 6.26ms
[2025-11-07 14:06:32] [INFO] [goalbet]: [trace=f5c551db] GET /goals/mine-> 200 in 13.98ms
[2025-11-07 14:06:32] [INFO] [goalbet]: [trace=75674103] GET /goals-> 200 in 22.13ms
[2025-11-07 14:06:32] [INFO] [goalbet]: [trace=afa85d41] GET /users/bets-> 200 in 28.29ms
[2025-11-07 14:06:32] [INFO] [goalbet]: [trace=78c2ce78] GET /goals/mine-> 200 in 20.00ms
[2025-11-07 14:06:32] [INFO] [goalbet]: [trace=41a9777b] GET /users/bets-> 200 in 14.21ms
[2025-11-07 14:06:32] [INFO] [goalbet]: [trace=efc5df01] GET /goals-> 200 in 22.51ms
[2025-11-07 14:06:32] [INFO] [goalbet]: [trace=7f46b7bc] GET /goals-> 200 in 5.95ms
[2025-11-07 14:06:32] [INFO] [goalbet]: [trace=6d15e4f4] GET /goals-> 200 in 7.35ms
[2025-11-07 14:06:33] [INFO] [goalbet]: [trace=46c528aa] GET /auth/me-> 200 in 6.06ms
[2025-11-07 14:06:33] [INFO] [goalbet]: [trace=39a498f1] GET /auth/me-> 200 in 6.86ms
[2025-11-07 14:06:33] [INFO] [goalbet]: [trace=c53da58c] GET /goals/mine-> 200 in 14.56ms
[2025-11-07 14:06:33] [INFO] [goalbet]: [trace=37340765] GET /goals-> 200 in 17.79ms
[2025-11-07 14:06:33] [INFO] [goalbet]: [trace=37ef5ee9] GET /users/bets-> 200 in 20.51ms
[2025-11-07 14:06:33] [INFO] [goalbet]: [trace=6d721683] GET /users/bets-> 200 in 15.94ms
[2025-11-07 14:06:33] [INFO] [goalbet]: [trace=115b8f2a] GET /goals/mine-> 200 in 24.22ms
[2025-11-07 14:06:33] [INFO] [goalbet]: [trace=eb386d54] GET /goals-> 200 in 20.78ms
[2025-11-07 14:07:37] [INFO] [goalbet]: [trace=68052f40] GET /goals-> 200 in 5.36ms
[2025-11-07 14:07:37] [INFO] [goalbet]: [trace=e6b009b9] GET /goals-> 200 in 6.67ms
[2025-11-07 14:07:39] [INFO] [goalbet]: [trace=cf318ae8] GET /auth/me-> 200 in 5.05ms
[2025-11-07 14:07:39] [INFO] [goalbet]: [trace=0882cb8c] GET /auth/me-> 200 in 5.32ms
[2025-11-07 14:07:39] [INFO] [goalbet]: [trace=22025cb0] GET /goals/mine-> 200 in 16.17ms
[2025-11-07 14:07:39] [INFO] [goalbet]: [trace=b46e7867] GET /users/bets-> 200 in 16.13ms
[2025-11-07 14:07:39] [INFO] [goalbet]: [trace=77b9ad01] GET /goals-> 200 in 17.54ms
[2025-11-07 14:07:39] [INFO] [goalbet]: [trace=79d4a2c8] GET /users/bets-> 200 in 12.85ms
[2025-11-07 14:07:39] [INFO] [goalbet]: [trace=eba19daa] GET /goals-> 200 in 15.06ms
[2025-11-07 14:07:39] [INFO] [goalbet]: [trace=ac7a5d41] GET /goals/mine-> 200 in 26.28ms
[2025-11-07 14:09:01] [INFO] [goalbet]: [trace=eda809b2] GET /goals-> 200 in 8.97ms
[2025-11-07 14:09:01] [INFO] [goalbet]: [trace=3d7eeea6] GET /goals-> 200 in 6.25ms
[2025-11-07 14:09:03] [INFO] [goalbet]: [trace=d6cd5a2b] GET /goals/get_goal/1-> 200 in 7.06ms
[2025-11-07 14:09:03] [INFO] [goalbet]: [trace=9acbb02d] GET /goals/get_goal/1-> 200 in 6.64ms
[2025-11-07 14:13:02] [INFO] [goalbet]: [trace=07e00bb8] GET /auth/me-> 200 in 13.52ms
[2025-11-07 14:13:02] [INFO] [goalbet]: [trace=1ad4b37a] GET /auth/me-> 200 in 10.94ms
[2025-11-07 14:13:02] [INFO] [goalbet]: [trace=85547acf] GET /goals/mine-> 200 in 24.27ms
[2025-11-07 14:13:02] [INFO] [goalbet]: [trace=d99dc821] GET /users/bets-> 200 in 26.30ms
[2025-11-07 14:13:02] [INFO] [goalbet]: [trace=3006db63] GET /goals-> 200 in 28.26ms
[2025-11-07 14:13:02] [INFO] [goalbet]: [trace=2271981d] GET /goals/mine-> 200 in 36.25ms
[2025-11-07 14:13:02] [INFO] [goalbet]: [trace=f529e98d] GET /goals-> 200 in 27.41ms
[2025-11-07 14:13:02] [INFO] [goalbet]: [trace=9330843c] GET /users/bets-> 200 in 32.48ms
[2025-11-07 14:13:05] [INFO] [goalbet]: [trace=8a2324ef] GET /goals-> 200 in 5.62ms
[2025-11-07 14:13:05] [INFO] [goalbet]: [trace=7c3b07f8] GET /goals-> 200 in 7.44ms
[2025-11-07 14:13:08] [INFO] [goalbet]: [trace=84f59f6d] GET /auth/me-> 200 in 6.50ms
[2025-11-07 14:13:08] [INFO] [goalbet]: [trace=eb67ca1e] GET /auth/me-> 200 in 5.22ms
[2025-11-07 14:13:08] [INFO] [goalbet]: [trace=f4ad72ea] GET /goals/mine-> 200 in 17.38ms
[2025-11-07 14:13:08] [INFO] [goalbet]: [trace=c92de2ae] GET /users/bets-> 200 in 19.56ms
[2025-11-07 14:13:08] [INFO] [goalbet]: [trace=2d941e3b] GET /goals-> 200 in 18.83ms
[2025-11-07 14:13:08] [INFO] [goalbet]: [trace=164c7678] GET /goals/mine-> 200 in 15.40ms
[2025-11-07 14:13:08] [INFO] [goalbet]: [trace=9703f4fd] GET /users/bets-> 200 in 14.07ms
[2025-11-07 14:13:08] [INFO] [goalbet]: [trace=bdf3e0ee] GET /goals-> 200 in 14.73ms
[2025-11-07 14:14:14] [INFO] [goalbet]: [trace=296fedee] GET /goals/get_goal/1-> 200 in 9.46ms
[2025-11-07 14:14:14] [INFO] [goalbet]: [trace=cb7fa89c] GET /goals/get_goal/1-> 200 in 8.62ms
[2025-11-07 20:25:50] [INFO] [goalbet]: Logger setup completed
[2025-11-07 20:25:51] [INFO] [goalbet]: Starting GoalBet API...
[2025-11-07 20:25:58] [ERROR] [goalbet]: Invalid token: eyJhbGciOiJIUzI1NiIsInR5cCI6IkpXVCJ9.eyJzdWIiOiJ0ZXN0MTIzQHRlc3QuY29tIiwiZXhwIjoxNzYyNTI3NjE5fQ._XdkRnPUDIhEicDaWjjAdmZnJCuLUGvsNy78tFF1T6A
[2025-11-07 20:25:58] [INFO] [goalbet]: [trace=0ea749f6] GET /auth/me-> 400 in 10.58ms
[2025-11-07 20:25:58] [ERROR] [goalbet]: [trace=no-trace] GET /auth/me _StreamingResponse 400: 
[2025-11-07 20:25:58] [ERROR] [goalbet]: Invalid token: eyJhbGciOiJIUzI1NiIsInR5cCI6IkpXVCJ9.eyJzdWIiOiJ0ZXN0MTIzQHRlc3QuY29tIiwiZXhwIjoxNzYyNTI3NjE5fQ._XdkRnPUDIhEicDaWjjAdmZnJCuLUGvsNy78tFF1T6A
[2025-11-07 20:25:58] [INFO] [goalbet]: [trace=06968423] GET /auth/me-> 400 in 7.48ms
[2025-11-07 20:25:58] [ERROR] [goalbet]: [trace=no-trace] GET /auth/me _StreamingResponse 400: 
[2025-11-07 20:25:59] [INFO] [goalbet]: [trace=26dbc8c9] GET /goals/mine-> 401 in 1.53ms
[2025-11-07 20:25:59] [ERROR] [goalbet]: [trace=no-trace] GET /goals/mine _StreamingResponse 401: 
[2025-11-07 20:25:59] [INFO] [goalbet]: [trace=25c77ad0] GET /goals/mine-> 401 in 2.57ms
[2025-11-07 20:25:59] [ERROR] [goalbet]: [trace=no-trace] GET /goals/mine _StreamingResponse 401: 
[2025-11-07 20:25:59] [INFO] [goalbet]: [trace=e3cc170c] GET /users/bets-> 401 in 3.05ms
[2025-11-07 20:25:59] [ERROR] [goalbet]: [trace=no-trace] GET /users/bets _StreamingResponse 401: 
[2025-11-07 20:25:59] [INFO] [goalbet]: [trace=11acaebc] GET /users/bets-> 401 in 11.77ms
[2025-11-07 20:25:59] [ERROR] [goalbet]: [trace=no-trace] GET /users/bets _StreamingResponse 401: 
[2025-11-07 20:25:59] [INFO] [goalbet]: [trace=808f5cf9] GET /goals-> 200 in 146.88ms
[2025-11-07 20:25:59] [INFO] [goalbet]: [trace=34099c61] GET /goals-> 200 in 11.57ms
[2025-11-07 20:25:59] [INFO] [goalbet]: [trace=9d72d5ac] GET /goals-> 200 in 8.93ms
[2025-11-07 20:25:59] [INFO] [goalbet]: [trace=0a61a61d] GET /goals-> 200 in 7.21ms
[2025-11-07 20:26:06] [INFO] [goalbet]: [trace=441988e4] GET /goals/get_goal/1-> 401 in 2.16ms
[2025-11-07 20:26:06] [ERROR] [goalbet]: [trace=no-trace] GET /goals/get_goal/1 _StreamingResponse 401: 
[2025-11-07 20:26:06] [INFO] [goalbet]: [trace=1ef3d9ae] GET /goals/get_goal/1-> 401 in 2.38ms
[2025-11-07 20:26:06] [ERROR] [goalbet]: [trace=no-trace] GET /goals/get_goal/1 _StreamingResponse 401: 
[2025-11-07 20:26:06] [INFO] [goalbet]: [trace=a63c32e9] GET /goals-> 200 in 78.47ms
[2025-11-07 20:26:06] [INFO] [goalbet]: [trace=7de2b525] GET /goals-> 200 in 10.67ms
[2025-11-07 20:26:15] [INFO] [goalbet]: [trace=aab1bab8] POST /auth/login-> 200 in 43.44ms
[2025-11-07 20:26:19] [INFO] [goalbet]: [trace=9e0a2bf3] GET /goals-> 200 in 12.07ms
[2025-11-07 20:26:19] [INFO] [goalbet]: [trace=be73391c] GET /goals-> 200 in 7.98ms
[2025-11-07 20:26:20] [INFO] [goalbet]: [trace=afe9f3b3] GET /goals/get_goal/1-> 200 in 15.27ms
[2025-11-07 20:26:20] [INFO] [goalbet]: [trace=d88706f8] GET /goals/get_goal/1-> 200 in 13.11ms
[2025-11-07 20:29:13] [INFO] [goalbet]: [trace=6cc7213a] GET /goals-> 200 in 10.12ms
[2025-11-07 20:29:13] [INFO] [goalbet]: [trace=ac415325] GET /goals-> 200 in 10.53ms
[2025-11-07 20:38:54] [INFO] [goalbet]: Logger setup completed
[2025-11-07 20:38:54] [INFO] [goalbet]: Starting GoalBet API...
[2025-11-07 20:41:03] [INFO] [goalbet]: [trace=ccf31bad] GET /goals-> 200 in 96.02ms
[2025-11-07 20:41:03] [INFO] [goalbet]: [trace=3d7ffad1] GET /goals-> 200 in 6.13ms
[2025-11-07 20:41:21] [INFO] [goalbet]: [trace=05622af3] GET /goals/get_goal/1-> 200 in 19.70ms
[2025-11-07 20:41:21] [INFO] [goalbet]: [trace=3494b800] GET /goals/get_goal/1-> 200 in 13.11ms
[2025-11-07 20:43:30] [INFO] [goalbet]: [trace=dbd26536] GET /goals-> 200 in 12.38ms
[2025-11-07 20:43:30] [INFO] [goalbet]: [trace=f401c31b] GET /goals-> 200 in 8.23ms
[2025-11-07 21:24:22] [INFO] [goalbet]: [trace=58b62c64] GET /goals/get_goal/1-> 200 in 85.23ms
[2025-11-07 21:24:22] [INFO] [goalbet]: [trace=261a5a48] GET /goals/get_goal/1-> 200 in 191.23ms
[2025-11-07 21:52:12] [INFO] [goalbet]: [trace=e7c09092] GET /goals-> 200 in 16.78ms
[2025-11-07 21:52:12] [INFO] [goalbet]: [trace=8163631e] GET /goals-> 200 in 10.84ms
[2025-11-07 21:52:53] [ERROR] [goalbet]: Invalid token: eyJhbGciOiJIUzI1NiIsInR5cCI6IkpXVCJ9.eyJzdWIiOiJ0ZXN0MTIzQHRlc3QuY29tIiwiZXhwIjoxNzYyNTUwNzc1fQ.wXMKV-LXOFyUOUog-cos2nVS8Fqhgfqnwza1XsJwd78
[2025-11-07 21:52:53] [INFO] [goalbet]: [trace=b52d8ac2] GET /goals/get_goal/1-> 400 in 11.46ms
[2025-11-07 21:52:53] [ERROR] [goalbet]: [trace=no-trace] GET /goals/get_goal/1 _StreamingResponse 400: 
[2025-11-07 21:52:53] [ERROR] [goalbet]: Invalid token: eyJhbGciOiJIUzI1NiIsInR5cCI6IkpXVCJ9.eyJzdWIiOiJ0ZXN0MTIzQHRlc3QuY29tIiwiZXhwIjoxNzYyNTUwNzc1fQ.wXMKV-LXOFyUOUog-cos2nVS8Fqhgfqnwza1XsJwd78
[2025-11-07 21:52:53] [INFO] [goalbet]: [trace=51713e02] GET /goals/get_goal/1-> 400 in 4.07ms
[2025-11-07 21:52:53] [ERROR] [goalbet]: [trace=no-trace] GET /goals/get_goal/1 _StreamingResponse 400: 
[2025-11-07 21:52:53] [INFO] [goalbet]: [trace=325f3bff] GET /goals-> 200 in 8.09ms
[2025-11-07 21:52:53] [INFO] [goalbet]: [trace=814f128d] GET /goals-> 200 in 15.51ms
